
Gurobi 7.0.2 (win64, Java) logging started 12/20/17 11:43:12

Warning: Gurobi version mismatch between Java 7.0.1 and C library 7.0.2
Warning: Gurobi version mismatch between Java 7.0.1 and Jni 7.0.2
Optimize a model with 1750 rows, 336 columns and 37488 nonzeros
Variable types: 0 continuous, 336 integer (336 binary)
Coefficient statistics:
  Matrix range     [1e+00, 1e+00]
  Objective range  [2e+00, 1e+01]
  Bounds range     [1e+00, 1e+00]
  RHS range        [1e+00, 1e+00]
Found heuristic solution: objective 8
Presolve removed 1168 rows and 0 columns
Presolve time: 0.12s
Presolved: 582 rows, 336 columns, 11712 nonzeros
Variable types: 0 continuous, 336 integer (336 binary)

Root relaxation: objective 5.400000e+01, 35 iterations, 0.04 seconds

    Nodes    |    Current Node    |     Objective Bounds      |     Work
 Expl Unexpl |  Obj  Depth IntInf | Incumbent    BestBd   Gap | It/Node Time

*    0     0               0      54.0000000   54.00000  0.00%     -    0s

Explored 0 nodes (35 simplex iterations) in 0.19 seconds
Thread count was 2 (of 2 available processors)

Solution count 2: 54 8 
Pool objective bound 54

Optimal solution found (tolerance 1.00e-04)
Best objective 5.400000000000e+01, best bound 5.400000000000e+01, gap 0.0000%

Gurobi 7.0.2 (win64, Java) logging started 12/20/17 12:47:04

Warning: Gurobi version mismatch between Java 7.0.1 and C library 7.0.2
Warning: Gurobi version mismatch between Java 7.0.1 and Jni 7.0.2
Optimize a model with 144 rows, 41 columns and 603 nonzeros
Variable types: 0 continuous, 41 integer (41 binary)
Coefficient statistics:
  Matrix range     [1e+00, 1e+00]
  Objective range  [2e+00, 9e+00]
  Bounds range     [1e+00, 1e+00]
  RHS range        [1e+00, 1e+00]
Found heuristic solution: objective 2
Presolve removed 137 rows and 21 columns
Presolve time: 0.05s
Presolved: 7 rows, 20 columns, 60 nonzeros
Variable types: 0 continuous, 20 integer (20 binary)

Root relaxation: objective 2.000000e+01, 5 iterations, 0.00 seconds

    Nodes    |    Current Node    |     Objective Bounds      |     Work
 Expl Unexpl |  Obj  Depth IntInf | Incumbent    BestBd   Gap | It/Node Time

*    0     0               0      20.0000000   20.00000  0.00%     -    0s

Explored 0 nodes (5 simplex iterations) in 0.06 seconds
Thread count was 2 (of 2 available processors)

Solution count 2: 20 2 
Pool objective bound 20

Optimal solution found (tolerance 1.00e-04)
Best objective 2.000000000000e+01, best bound 2.000000000000e+01, gap 0.0000%

Gurobi 7.0.2 (win64, Java) logging started 01/12/18 16:30:08

Warning: Gurobi version mismatch between Java 7.0.1 and C library 7.0.2
Warning: Gurobi version mismatch between Java 7.0.1 and Jni 7.0.2
Optimize a model with 144 rows, 41 columns and 603 nonzeros
Variable types: 0 continuous, 41 integer (41 binary)
Coefficient statistics:
  Matrix range     [1e+00, 1e+00]
  Objective range  [2e+00, 9e+00]
  Bounds range     [1e+00, 1e+00]
  RHS range        [1e+00, 1e+00]
Found heuristic solution: objective 2
Presolve removed 137 rows and 21 columns
Presolve time: 0.00s
Presolved: 7 rows, 20 columns, 60 nonzeros
Variable types: 0 continuous, 20 integer (20 binary)

Root relaxation: objective 2.000000e+01, 4 iterations, 0.00 seconds

    Nodes    |    Current Node    |     Objective Bounds      |     Work
 Expl Unexpl |  Obj  Depth IntInf | Incumbent    BestBd   Gap | It/Node Time

*    0     0               0      20.0000000   20.00000  0.00%     -    0s

Explored 0 nodes (4 simplex iterations) in 0.00 seconds
Thread count was 2 (of 2 available processors)

Solution count 2: 20 2 
Pool objective bound 20

Optimal solution found (tolerance 1.00e-04)
Best objective 2.000000000000e+01, best bound 2.000000000000e+01, gap 0.0000%

Gurobi 7.0.2 (win64, Java) logging started 01/12/18 16:31:15

Warning: Gurobi version mismatch between Java 7.0.1 and C library 7.0.2
Warning: Gurobi version mismatch between Java 7.0.1 and Jni 7.0.2
Optimize a model with 144 rows, 41 columns and 603 nonzeros
Variable types: 0 continuous, 41 integer (41 binary)
Coefficient statistics:
  Matrix range     [1e+00, 1e+00]
  Objective range  [2e+00, 9e+00]
  Bounds range     [1e+00, 1e+00]
  RHS range        [1e+00, 1e+00]
Found heuristic solution: objective 2
Presolve removed 137 rows and 21 columns
Presolve time: 0.00s
Presolved: 7 rows, 20 columns, 60 nonzeros
Variable types: 0 continuous, 20 integer (20 binary)

Root relaxation: objective 2.000000e+01, 2 iterations, 0.00 seconds

    Nodes    |    Current Node    |     Objective Bounds      |     Work
 Expl Unexpl |  Obj  Depth IntInf | Incumbent    BestBd   Gap | It/Node Time

*    0     0               0      20.0000000   20.00000  0.00%     -    0s

Explored 0 nodes (2 simplex iterations) in 0.00 seconds
Thread count was 2 (of 2 available processors)

Solution count 2: 20 2 
Pool objective bound 20

Optimal solution found (tolerance 1.00e-04)
Best objective 2.000000000000e+01, best bound 2.000000000000e+01, gap 0.0000%

Gurobi 7.0.2 (win64, Java) logging started 01/24/18 13:34:44

Warning: Gurobi version mismatch between Java 7.0.1 and C library 7.0.2
Warning: Gurobi version mismatch between Java 7.0.1 and Jni 7.0.2
Optimize a model with 35 rows, 3 columns and 44 nonzeros
Variable types: 0 continuous, 3 integer (3 binary)
Coefficient statistics:
  Matrix range     [1e+00, 1e+00]
  Objective range  [2e+00, 1e+01]
  Bounds range     [1e+00, 1e+00]
  RHS range        [1e+00, 1e+00]
Found heuristic solution: objective 2
Presolve removed 35 rows and 3 columns
Presolve time: 0.00s
Presolve: All rows and columns removed

Explored 0 nodes (0 simplex iterations) in 0.00 seconds
Thread count was 1 (of 2 available processors)

Solution count 1: 25 
Pool objective bound 25

Optimal solution found (tolerance 1.00e-04)
Best objective 2.500000000000e+01, best bound 2.500000000000e+01, gap 0.0000%

Gurobi 7.0.2 (win64, Java) logging started 01/24/18 13:38:57

Warning: Gurobi version mismatch between Java 7.0.1 and C library 7.0.2
Warning: Gurobi version mismatch between Java 7.0.1 and Jni 7.0.2
Optimize a model with 45 rows, 6 columns and 54 nonzeros
Variable types: 0 continuous, 6 integer (6 binary)
Coefficient statistics:
  Matrix range     [1e+00, 1e+00]
  Objective range  [2e+00, 9e+00]
  Bounds range     [1e+00, 1e+00]
  RHS range        [1e+00, 1e+00]
Found heuristic solution: objective 6
Presolve removed 45 rows and 6 columns
Presolve time: 0.00s
Presolve: All rows and columns removed

Explored 0 nodes (0 simplex iterations) in 0.00 seconds
Thread count was 1 (of 2 available processors)

Solution count 1: 33 
Pool objective bound 33

Optimal solution found (tolerance 1.00e-04)
Best objective 3.300000000000e+01, best bound 3.300000000000e+01, gap 0.0000%

Gurobi 7.0.2 (win64, Java) logging started 01/24/18 13:41:44

Warning: Gurobi version mismatch between Java 7.0.1 and C library 7.0.2
Warning: Gurobi version mismatch between Java 7.0.1 and Jni 7.0.2
Optimize a model with 45 rows, 6 columns and 54 nonzeros
Variable types: 0 continuous, 6 integer (6 binary)
Coefficient statistics:
  Matrix range     [1e+00, 1e+00]
  Objective range  [2e+00, 9e+00]
  Bounds range     [1e+00, 1e+00]
  RHS range        [1e+00, 1e+00]
Found heuristic solution: objective 6
Presolve removed 45 rows and 6 columns
Presolve time: 0.00s
Presolve: All rows and columns removed

Explored 0 nodes (0 simplex iterations) in 0.00 seconds
Thread count was 1 (of 2 available processors)

Solution count 1: 33 
Pool objective bound 33

Optimal solution found (tolerance 1.00e-04)
Best objective 3.300000000000e+01, best bound 3.300000000000e+01, gap 0.0000%

Gurobi 7.0.2 (win64, Java) logging started 01/24/18 14:08:59

Warning: Gurobi version mismatch between Java 7.0.1 and C library 7.0.2
Warning: Gurobi version mismatch between Java 7.0.1 and Jni 7.0.2
Optimize a model with 45 rows, 6 columns and 54 nonzeros
Variable types: 0 continuous, 6 integer (6 binary)
Coefficient statistics:
  Matrix range     [1e+00, 1e+00]
  Objective range  [2e+00, 9e+00]
  Bounds range     [1e+00, 1e+00]
  RHS range        [1e+00, 1e+00]
Found heuristic solution: objective 6
Presolve removed 45 rows and 6 columns
Presolve time: 0.00s
Presolve: All rows and columns removed

Explored 0 nodes (0 simplex iterations) in 0.00 seconds
Thread count was 1 (of 2 available processors)

Solution count 1: 33 
Pool objective bound 33

Optimal solution found (tolerance 1.00e-04)
Best objective 3.300000000000e+01, best bound 3.300000000000e+01, gap 0.0000%

Gurobi 7.0.2 (win64, Java) logging started 01/24/18 14:26:37

Warning: Gurobi version mismatch between Java 7.0.1 and C library 7.0.2
Warning: Gurobi version mismatch between Java 7.0.1 and Jni 7.0.2
Optimize a model with 45 rows, 6 columns and 54 nonzeros
Variable types: 0 continuous, 6 integer (6 binary)
Coefficient statistics:
  Matrix range     [1e+00, 1e+00]
  Objective range  [2e+00, 9e+00]
  Bounds range     [1e+00, 1e+00]
  RHS range        [1e+00, 1e+00]
Found heuristic solution: objective 6
Presolve removed 45 rows and 6 columns
Presolve time: 0.00s
Presolve: All rows and columns removed

Explored 0 nodes (0 simplex iterations) in 0.00 seconds
Thread count was 1 (of 2 available processors)

Solution count 1: 33 
Pool objective bound 33

Optimal solution found (tolerance 1.00e-04)
Best objective 3.300000000000e+01, best bound 3.300000000000e+01, gap 0.0000%

Gurobi 7.0.2 (win64, Java) logging started 01/24/18 14:27:33

Warning: Gurobi version mismatch between Java 7.0.1 and C library 7.0.2
Warning: Gurobi version mismatch between Java 7.0.1 and Jni 7.0.2
Optimize a model with 45 rows, 6 columns and 54 nonzeros
Variable types: 0 continuous, 6 integer (6 binary)
Coefficient statistics:
  Matrix range     [1e+00, 1e+00]
  Objective range  [2e+00, 9e+00]
  Bounds range     [1e+00, 1e+00]
  RHS range        [1e+00, 1e+00]
Found heuristic solution: objective 6
Presolve removed 45 rows and 6 columns
Presolve time: 0.00s
Presolve: All rows and columns removed

Explored 0 nodes (0 simplex iterations) in 0.00 seconds
Thread count was 1 (of 2 available processors)

Solution count 1: 33 
Pool objective bound 33

Optimal solution found (tolerance 1.00e-04)
Best objective 3.300000000000e+01, best bound 3.300000000000e+01, gap 0.0000%

Gurobi 7.0.2 (win64, Java) logging started 01/24/18 14:35:38

Warning: Gurobi version mismatch between Java 7.0.1 and C library 7.0.2
Warning: Gurobi version mismatch between Java 7.0.1 and Jni 7.0.2
Optimize a model with 42 rows, 5 columns and 51 nonzeros
Variable types: 0 continuous, 5 integer (5 binary)
Coefficient statistics:
  Matrix range     [1e+00, 1e+00]
  Objective range  [2e+00, 9e+00]
  Bounds range     [1e+00, 1e+00]
  RHS range        [1e+00, 1e+00]
Found heuristic solution: objective 4
Presolve removed 42 rows and 5 columns
Presolve time: 0.02s
Presolve: All rows and columns removed

Explored 0 nodes (0 simplex iterations) in 0.02 seconds
Thread count was 1 (of 2 available processors)

Solution count 1: 31 
Pool objective bound 31

Optimal solution found (tolerance 1.00e-04)
Best objective 3.100000000000e+01, best bound 3.100000000000e+01, gap 0.0000%

Gurobi 7.0.2 (win64, Java) logging started 01/24/18 14:47:29

Warning: Gurobi version mismatch between Java 7.0.1 and C library 7.0.2
Warning: Gurobi version mismatch between Java 7.0.1 and Jni 7.0.2
Optimize a model with 1251 rows, 75 columns and 1611 nonzeros
Variable types: 0 continuous, 75 integer (75 binary)
Coefficient statistics:
  Matrix range     [1e+00, 1e+00]
  Objective range  [2e+00, 1e+01]
  Bounds range     [1e+00, 1e+00]
  RHS range        [1e+00, 1e+00]
Found heuristic solution: objective 18
Presolve removed 1251 rows and 75 columns
Presolve time: 0.00s
Presolve: All rows and columns removed

Explored 0 nodes (0 simplex iterations) in 0.00 seconds
Thread count was 1 (of 2 available processors)

Solution count 1: 882 
Pool objective bound 882

Optimal solution found (tolerance 1.00e-04)
Best objective 8.820000000000e+02, best bound 8.820000000000e+02, gap 0.0000%

Gurobi 7.0.2 (win64, Java) logging started 01/24/18 14:54:27

Warning: Gurobi version mismatch between Java 7.0.1 and C library 7.0.2
Warning: Gurobi version mismatch between Java 7.0.1 and Jni 7.0.2
Optimize a model with 187 rows, 11 columns and 241 nonzeros
Variable types: 0 continuous, 11 integer (11 binary)
Coefficient statistics:
  Matrix range     [1e+00, 1e+00]
  Objective range  [2e+00, 1e+01]
  Bounds range     [1e+00, 1e+00]
  RHS range        [1e+00, 1e+00]
Found heuristic solution: objective 2
Presolve removed 187 rows and 11 columns
Presolve time: 0.00s
Presolve: All rows and columns removed

Explored 0 nodes (0 simplex iterations) in 0.00 seconds
Thread count was 1 (of 2 available processors)

Solution count 1: 132 
Pool objective bound 132

Optimal solution found (tolerance 1.00e-04)
Best objective 1.320000000000e+02, best bound 1.320000000000e+02, gap 0.0000%

Gurobi 7.0.2 (win64, Java) logging started 01/24/18 15:04:31

Warning: Gurobi version mismatch between Java 7.0.1 and C library 7.0.2
Warning: Gurobi version mismatch between Java 7.0.1 and Jni 7.0.2
Optimize a model with 187 rows, 11 columns and 241 nonzeros
Variable types: 0 continuous, 11 integer (11 binary)
Coefficient statistics:
  Matrix range     [1e+00, 1e+00]
  Objective range  [2e+00, 1e+01]
  Bounds range     [1e+00, 1e+00]
  RHS range        [1e+00, 1e+00]
Found heuristic solution: objective 2
Presolve removed 187 rows and 11 columns
Presolve time: 0.00s
Presolve: All rows and columns removed

Explored 0 nodes (0 simplex iterations) in 0.00 seconds
Thread count was 1 (of 2 available processors)

Solution count 1: 132 
Pool objective bound 132

Optimal solution found (tolerance 1.00e-04)
Best objective 1.320000000000e+02, best bound 1.320000000000e+02, gap 0.0000%

Gurobi 7.0.2 (win64, Java) logging started 01/24/18 15:05:29

Warning: Gurobi version mismatch between Java 7.0.1 and C library 7.0.2
Warning: Gurobi version mismatch between Java 7.0.1 and Jni 7.0.2
Optimize a model with 187 rows, 11 columns and 241 nonzeros
Variable types: 0 continuous, 11 integer (11 binary)
Coefficient statistics:
  Matrix range     [1e+00, 1e+00]
  Objective range  [2e+00, 1e+01]
  Bounds range     [1e+00, 1e+00]
  RHS range        [1e+00, 1e+00]
Found heuristic solution: objective 2
Presolve removed 187 rows and 11 columns
Presolve time: 0.00s
Presolve: All rows and columns removed

Explored 0 nodes (0 simplex iterations) in 0.00 seconds
Thread count was 1 (of 2 available processors)

Solution count 1: 132 
Pool objective bound 132

Optimal solution found (tolerance 1.00e-04)
Best objective 1.320000000000e+02, best bound 1.320000000000e+02, gap 0.0000%

Gurobi 7.0.2 (win64, Java) logging started 01/24/18 15:20:45

Warning: Gurobi version mismatch between Java 7.0.1 and C library 7.0.2
Warning: Gurobi version mismatch between Java 7.0.1 and Jni 7.0.2
Optimize a model with 187 rows, 11 columns and 241 nonzeros
Variable types: 0 continuous, 11 integer (11 binary)
Coefficient statistics:
  Matrix range     [1e+00, 1e+00]
  Objective range  [2e+00, 1e+01]
  Bounds range     [1e+00, 1e+00]
  RHS range        [1e+00, 1e+00]
Found heuristic solution: objective 2
Presolve removed 187 rows and 11 columns
Presolve time: 0.00s
Presolve: All rows and columns removed

Explored 0 nodes (0 simplex iterations) in 0.00 seconds
Thread count was 1 (of 2 available processors)

Solution count 1: 132 
Pool objective bound 132

Optimal solution found (tolerance 1.00e-04)
Best objective 1.320000000000e+02, best bound 1.320000000000e+02, gap 0.0000%

Gurobi 7.0.2 (win64, Java) logging started 01/24/18 15:27:20

Warning: Gurobi version mismatch between Java 7.0.1 and C library 7.0.2
Warning: Gurobi version mismatch between Java 7.0.1 and Jni 7.0.2
Optimize a model with 179 rows, 11 columns and 230 nonzeros
Variable types: 0 continuous, 11 integer (11 binary)
Coefficient statistics:
  Matrix range     [1e+00, 1e+00]
  Objective range  [2e+00, 1e+01]
  Bounds range     [1e+00, 1e+00]
  RHS range        [1e+00, 1e+00]
Found heuristic solution: objective 2
Presolve removed 179 rows and 11 columns
Presolve time: 0.00s
Presolve: All rows and columns removed

Explored 0 nodes (0 simplex iterations) in 0.00 seconds
Thread count was 1 (of 2 available processors)

Solution count 1: 127 
Pool objective bound 127

Optimal solution found (tolerance 1.00e-04)
Best objective 1.270000000000e+02, best bound 1.270000000000e+02, gap 0.0000%

Gurobi 7.0.2 (win64, Java) logging started 01/24/18 15:53:56

Warning: Gurobi version mismatch between Java 7.0.1 and C library 7.0.2
Warning: Gurobi version mismatch between Java 7.0.1 and Jni 7.0.2
Optimize a model with 187 rows, 11 columns and 241 nonzeros
Variable types: 0 continuous, 11 integer (11 binary)
Coefficient statistics:
  Matrix range     [1e+00, 1e+00]
  Objective range  [2e+00, 1e+01]
  Bounds range     [1e+00, 1e+00]
  RHS range        [1e+00, 1e+00]
Found heuristic solution: objective 2
Presolve removed 187 rows and 11 columns
Presolve time: 0.00s
Presolve: All rows and columns removed

Explored 0 nodes (0 simplex iterations) in 0.00 seconds
Thread count was 1 (of 2 available processors)

Solution count 1: 132 
Pool objective bound 132

Optimal solution found (tolerance 1.00e-04)
Best objective 1.320000000000e+02, best bound 1.320000000000e+02, gap 0.0000%

Gurobi 7.0.2 (win64, Java) logging started 01/24/18 15:57:00

Warning: Gurobi version mismatch between Java 7.0.1 and C library 7.0.2
Warning: Gurobi version mismatch between Java 7.0.1 and Jni 7.0.2
Optimize a model with 179 rows, 11 columns and 230 nonzeros
Variable types: 0 continuous, 11 integer (11 binary)
Coefficient statistics:
  Matrix range     [1e+00, 1e+00]
  Objective range  [2e+00, 1e+01]
  Bounds range     [1e+00, 1e+00]
  RHS range        [1e+00, 1e+00]
Found heuristic solution: objective 2
Presolve removed 179 rows and 11 columns
Presolve time: 0.00s
Presolve: All rows and columns removed

Explored 0 nodes (0 simplex iterations) in 0.00 seconds
Thread count was 1 (of 2 available processors)

Solution count 1: 127 
Pool objective bound 127

Optimal solution found (tolerance 1.00e-04)
Best objective 1.270000000000e+02, best bound 1.270000000000e+02, gap 0.0000%

Gurobi 7.0.2 (win64, Java) logging started 01/24/18 16:12:30

Warning: Gurobi version mismatch between Java 7.0.1 and C library 7.0.2
Warning: Gurobi version mismatch between Java 7.0.1 and Jni 7.0.2

Gurobi 7.0.2 (win64, Java) logging started 01/24/18 20:22:45

Warning: Gurobi version mismatch between Java 7.0.1 and C library 7.0.2
Warning: Gurobi version mismatch between Java 7.0.1 and Jni 7.0.2
Optimize a model with 187 rows, 11 columns and 241 nonzeros
Variable types: 0 continuous, 11 integer (11 binary)
Coefficient statistics:
  Matrix range     [1e+00, 1e+00]
  Objective range  [2e+00, 1e+01]
  Bounds range     [1e+00, 1e+00]
  RHS range        [1e+00, 1e+00]
Found heuristic solution: objective 2
Presolve removed 187 rows and 11 columns
Presolve time: 0.00s
Presolve: All rows and columns removed

Explored 0 nodes (0 simplex iterations) in 0.00 seconds
Thread count was 1 (of 2 available processors)

Solution count 1: 132 
Pool objective bound 132

Optimal solution found (tolerance 1.00e-04)
Best objective 1.320000000000e+02, best bound 1.320000000000e+02, gap 0.0000%

Gurobi 7.0.2 (win64, Java) logging started 01/24/18 20:41:16

Warning: Gurobi version mismatch between Java 7.0.1 and C library 7.0.2
Warning: Gurobi version mismatch between Java 7.0.1 and Jni 7.0.2
Optimize a model with 187 rows, 11 columns and 241 nonzeros
Variable types: 0 continuous, 11 integer (11 binary)
Coefficient statistics:
  Matrix range     [1e+00, 1e+00]
  Objective range  [2e+00, 1e+01]
  Bounds range     [1e+00, 1e+00]
  RHS range        [1e+00, 1e+00]
Found heuristic solution: objective 2
Presolve removed 187 rows and 11 columns
Presolve time: 0.00s
Presolve: All rows and columns removed

Explored 0 nodes (0 simplex iterations) in 0.00 seconds
Thread count was 1 (of 2 available processors)

Solution count 1: 132 
Pool objective bound 132

Optimal solution found (tolerance 1.00e-04)
Best objective 1.320000000000e+02, best bound 1.320000000000e+02, gap 0.0000%

Gurobi 7.0.2 (win64, Java) logging started 01/25/18 10:00:53

Warning: Gurobi version mismatch between Java 7.0.1 and C library 7.0.2
Warning: Gurobi version mismatch between Java 7.0.1 and Jni 7.0.2
Optimize a model with 35 rows, 3 columns and 44 nonzeros
Variable types: 0 continuous, 3 integer (3 binary)
Coefficient statistics:
  Matrix range     [1e+00, 1e+00]
  Objective range  [2e+00, 1e+01]
  Bounds range     [1e+00, 1e+00]
  RHS range        [1e+00, 1e+00]
Found heuristic solution: objective 2
Presolve removed 35 rows and 3 columns
Presolve time: 0.01s
Presolve: All rows and columns removed

Explored 0 nodes (0 simplex iterations) in 0.02 seconds
Thread count was 1 (of 2 available processors)

Solution count 1: 25 
Pool objective bound 25

Optimal solution found (tolerance 1.00e-04)
Best objective 2.500000000000e+01, best bound 2.500000000000e+01, gap 0.0000%

Gurobi 7.0.2 (win64, Java) logging started 01/25/18 10:01:35

Warning: Gurobi version mismatch between Java 7.0.1 and C library 7.0.2
Warning: Gurobi version mismatch between Java 7.0.1 and Jni 7.0.2
Optimize a model with 35 rows, 3 columns and 44 nonzeros
Variable types: 0 continuous, 3 integer (3 binary)
Coefficient statistics:
  Matrix range     [1e+00, 1e+00]
  Objective range  [2e+00, 1e+01]
  Bounds range     [1e+00, 1e+00]
  RHS range        [1e+00, 1e+00]
Found heuristic solution: objective 2
Presolve removed 35 rows and 3 columns
Presolve time: 0.00s
Presolve: All rows and columns removed

Explored 0 nodes (0 simplex iterations) in 0.00 seconds
Thread count was 1 (of 2 available processors)

Solution count 1: 25 
Pool objective bound 25

Optimal solution found (tolerance 1.00e-04)
Best objective 2.500000000000e+01, best bound 2.500000000000e+01, gap 0.0000%

Gurobi 7.0.2 (win64, Java) logging started 01/25/18 10:08:11

Warning: Gurobi version mismatch between Java 7.0.1 and C library 7.0.2
Warning: Gurobi version mismatch between Java 7.0.1 and Jni 7.0.2
Optimize a model with 27 rows, 3 columns and 33 nonzeros
Variable types: 0 continuous, 3 integer (3 binary)
Coefficient statistics:
  Matrix range     [1e+00, 1e+00]
  Objective range  [2e+00, 9e+00]
  Bounds range     [1e+00, 1e+00]
  RHS range        [1e+00, 1e+00]
Found heuristic solution: objective 2
Presolve removed 27 rows and 3 columns
Presolve time: 0.00s
Presolve: All rows and columns removed

Explored 0 nodes (0 simplex iterations) in 0.00 seconds
Thread count was 1 (of 2 available processors)

Solution count 1: 20 
Pool objective bound 20

Optimal solution found (tolerance 1.00e-04)
Best objective 2.000000000000e+01, best bound 2.000000000000e+01, gap 0.0000%

Gurobi 7.0.2 (win64, Java) logging started 01/25/18 11:33:17

Warning: Gurobi version mismatch between Java 7.0.1 and C library 7.0.2
Warning: Gurobi version mismatch between Java 7.0.1 and Jni 7.0.2
Optimize a model with 27 rows, 3 columns and 33 nonzeros
Variable types: 0 continuous, 3 integer (3 binary)
Coefficient statistics:
  Matrix range     [1e+00, 1e+00]
  Objective range  [2e+00, 9e+00]
  Bounds range     [1e+00, 1e+00]
  RHS range        [1e+00, 1e+00]
Found heuristic solution: objective 2
Presolve removed 27 rows and 3 columns
Presolve time: 0.00s
Presolve: All rows and columns removed

Explored 0 nodes (0 simplex iterations) in 0.00 seconds
Thread count was 1 (of 2 available processors)

Solution count 1: 20 
Pool objective bound 20

Optimal solution found (tolerance 1.00e-04)
Best objective 2.000000000000e+01, best bound 2.000000000000e+01, gap 0.0000%

Gurobi 7.0.2 (win64, Java) logging started 01/25/18 12:39:11

Warning: Gurobi version mismatch between Java 7.0.1 and C library 7.0.2
Warning: Gurobi version mismatch between Java 7.0.1 and Jni 7.0.2
Optimize a model with 27 rows, 3 columns and 33 nonzeros
Variable types: 0 continuous, 3 integer (3 binary)
Coefficient statistics:
  Matrix range     [1e+00, 1e+00]
  Objective range  [2e+00, 9e+00]
  Bounds range     [1e+00, 1e+00]
  RHS range        [1e+00, 1e+00]
Found heuristic solution: objective 2
Presolve removed 27 rows and 3 columns
Presolve time: 0.00s
Presolve: All rows and columns removed

Explored 0 nodes (0 simplex iterations) in 0.00 seconds
Thread count was 1 (of 2 available processors)

Solution count 1: 20 
Pool objective bound 20

Optimal solution found (tolerance 1.00e-04)
Best objective 2.000000000000e+01, best bound 2.000000000000e+01, gap 0.0000%

Gurobi 7.0.2 (win64, Java) logging started 01/25/18 12:50:29

Warning: Gurobi version mismatch between Java 7.0.1 and C library 7.0.2
Warning: Gurobi version mismatch between Java 7.0.1 and Jni 7.0.2
Optimize a model with 27 rows, 3 columns and 33 nonzeros
Variable types: 0 continuous, 3 integer (3 binary)
Coefficient statistics:
  Matrix range     [1e+00, 1e+00]
  Objective range  [2e+00, 9e+00]
  Bounds range     [1e+00, 1e+00]
  RHS range        [1e+00, 1e+00]
Found heuristic solution: objective 2
Presolve removed 27 rows and 3 columns
Presolve time: 0.00s
Presolve: All rows and columns removed

Explored 0 nodes (0 simplex iterations) in 0.00 seconds
Thread count was 1 (of 2 available processors)

Solution count 1: 20 
Pool objective bound 20

Optimal solution found (tolerance 1.00e-04)
Best objective 2.000000000000e+01, best bound 2.000000000000e+01, gap 0.0000%

Gurobi 7.0.2 (win64, Java) logging started 01/25/18 12:53:28

Warning: Gurobi version mismatch between Java 7.0.1 and C library 7.0.2
Warning: Gurobi version mismatch between Java 7.0.1 and Jni 7.0.2
Optimize a model with 35 rows, 3 columns and 44 nonzeros
Variable types: 0 continuous, 3 integer (3 binary)
Coefficient statistics:
  Matrix range     [1e+00, 1e+00]
  Objective range  [2e+00, 1e+01]
  Bounds range     [1e+00, 1e+00]
  RHS range        [1e+00, 1e+00]
Found heuristic solution: objective 2
Presolve removed 35 rows and 3 columns
Presolve time: 0.00s
Presolve: All rows and columns removed

Explored 0 nodes (0 simplex iterations) in 0.00 seconds
Thread count was 1 (of 2 available processors)

Solution count 1: 25 
Pool objective bound 25

Optimal solution found (tolerance 1.00e-04)
Best objective 2.500000000000e+01, best bound 2.500000000000e+01, gap 0.0000%

Gurobi 7.0.2 (win64, Java) logging started 01/25/18 12:57:50

Warning: Gurobi version mismatch between Java 7.0.1 and C library 7.0.2
Warning: Gurobi version mismatch between Java 7.0.1 and Jni 7.0.2
Optimize a model with 35 rows, 3 columns and 44 nonzeros
Variable types: 0 continuous, 3 integer (3 binary)
Coefficient statistics:
  Matrix range     [1e+00, 1e+00]
  Objective range  [2e+00, 1e+01]
  Bounds range     [1e+00, 1e+00]
  RHS range        [1e+00, 1e+00]
Found heuristic solution: objective 2
Presolve removed 35 rows and 3 columns
Presolve time: 0.00s
Presolve: All rows and columns removed

Explored 0 nodes (0 simplex iterations) in 0.00 seconds
Thread count was 1 (of 2 available processors)

Solution count 1: 25 
Pool objective bound 25

Optimal solution found (tolerance 1.00e-04)
Best objective 2.500000000000e+01, best bound 2.500000000000e+01, gap 0.0000%

Gurobi 7.0.2 (win64, Java) logging started 01/25/18 18:21:52

Warning: Gurobi version mismatch between Java 7.0.1 and C library 7.0.2
Warning: Gurobi version mismatch between Java 7.0.1 and Jni 7.0.2
Optimize a model with 35 rows, 3 columns and 44 nonzeros
Variable types: 0 continuous, 3 integer (3 binary)
Coefficient statistics:
  Matrix range     [1e+00, 1e+00]
  Objective range  [2e+00, 1e+01]
  Bounds range     [1e+00, 1e+00]
  RHS range        [1e+00, 1e+00]
Found heuristic solution: objective 2
Presolve removed 35 rows and 3 columns
Presolve time: 0.26s
Presolve: All rows and columns removed

Explored 0 nodes (0 simplex iterations) in 0.34 seconds
Thread count was 1 (of 2 available processors)

Solution count 1: 25 
Pool objective bound 25

Optimal solution found (tolerance 1.00e-04)
Best objective 2.500000000000e+01, best bound 2.500000000000e+01, gap 0.0000%

Gurobi 7.0.2 (win64, Java) logging started 01/25/18 18:22:47

Warning: Gurobi version mismatch between Java 7.0.1 and C library 7.0.2
Warning: Gurobi version mismatch between Java 7.0.1 and Jni 7.0.2
Optimize a model with 27 rows, 3 columns and 33 nonzeros
Variable types: 0 continuous, 3 integer (3 binary)
Coefficient statistics:
  Matrix range     [1e+00, 1e+00]
  Objective range  [2e+00, 9e+00]
  Bounds range     [1e+00, 1e+00]
  RHS range        [1e+00, 1e+00]
Found heuristic solution: objective 2
Presolve removed 27 rows and 3 columns
Presolve time: 0.00s
Presolve: All rows and columns removed

Explored 0 nodes (0 simplex iterations) in 0.00 seconds
Thread count was 1 (of 2 available processors)

Solution count 1: 20 
Pool objective bound 20

Optimal solution found (tolerance 1.00e-04)
Best objective 2.000000000000e+01, best bound 2.000000000000e+01, gap 0.0000%

Gurobi 7.0.2 (win64, Java) logging started 01/25/18 18:24:47

Warning: Gurobi version mismatch between Java 7.0.1 and C library 7.0.2
Warning: Gurobi version mismatch between Java 7.0.1 and Jni 7.0.2
Optimize a model with 27 rows, 3 columns and 33 nonzeros
Variable types: 0 continuous, 3 integer (3 binary)
Coefficient statistics:
  Matrix range     [1e+00, 1e+00]
  Objective range  [2e+00, 9e+00]
  Bounds range     [1e+00, 1e+00]
  RHS range        [1e+00, 1e+00]
Found heuristic solution: objective 2
Presolve removed 27 rows and 3 columns
Presolve time: 0.00s
Presolve: All rows and columns removed

Explored 0 nodes (0 simplex iterations) in 0.00 seconds
Thread count was 1 (of 2 available processors)

Solution count 1: 20 
Pool objective bound 20

Optimal solution found (tolerance 1.00e-04)
Best objective 2.000000000000e+01, best bound 2.000000000000e+01, gap 0.0000%

Gurobi 7.0.2 (win64, Java) logging started 01/25/18 18:29:26

Warning: Gurobi version mismatch between Java 7.0.1 and C library 7.0.2
Warning: Gurobi version mismatch between Java 7.0.1 and Jni 7.0.2
Optimize a model with 35 rows, 3 columns and 44 nonzeros
Variable types: 0 continuous, 3 integer (3 binary)
Coefficient statistics:
  Matrix range     [1e+00, 1e+00]
  Objective range  [2e+00, 1e+01]
  Bounds range     [1e+00, 1e+00]
  RHS range        [1e+00, 1e+00]
Found heuristic solution: objective 2
Presolve removed 35 rows and 3 columns
Presolve time: 0.00s
Presolve: All rows and columns removed

Explored 0 nodes (0 simplex iterations) in 0.00 seconds
Thread count was 1 (of 2 available processors)

Solution count 1: 25 
Pool objective bound 25

Optimal solution found (tolerance 1.00e-04)
Best objective 2.500000000000e+01, best bound 2.500000000000e+01, gap 0.0000%

Gurobi 7.0.2 (win64, Java) logging started 01/25/18 18:32:55

Warning: Gurobi version mismatch between Java 7.0.1 and C library 7.0.2
Warning: Gurobi version mismatch between Java 7.0.1 and Jni 7.0.2
Optimize a model with 35 rows, 3 columns and 44 nonzeros
Variable types: 0 continuous, 3 integer (3 binary)
Coefficient statistics:
  Matrix range     [1e+00, 1e+00]
  Objective range  [2e+00, 1e+01]
  Bounds range     [1e+00, 1e+00]
  RHS range        [1e+00, 1e+00]
Found heuristic solution: objective 2
Presolve removed 35 rows and 3 columns
Presolve time: 0.00s
Presolve: All rows and columns removed

Explored 0 nodes (0 simplex iterations) in 0.00 seconds
Thread count was 1 (of 2 available processors)

Solution count 1: 25 
Pool objective bound 25

Optimal solution found (tolerance 1.00e-04)
Best objective 2.500000000000e+01, best bound 2.500000000000e+01, gap 0.0000%

Gurobi 7.0.2 (win64, Java) logging started 01/25/18 18:35:00

Warning: Gurobi version mismatch between Java 7.0.1 and C library 7.0.2
Warning: Gurobi version mismatch between Java 7.0.1 and Jni 7.0.2
Optimize a model with 35 rows, 3 columns and 44 nonzeros
Variable types: 0 continuous, 3 integer (3 binary)
Coefficient statistics:
  Matrix range     [1e+00, 1e+00]
  Objective range  [2e+00, 1e+01]
  Bounds range     [1e+00, 1e+00]
  RHS range        [1e+00, 1e+00]
Found heuristic solution: objective 2
Presolve removed 35 rows and 3 columns
Presolve time: 0.00s
Presolve: All rows and columns removed

Explored 0 nodes (0 simplex iterations) in 0.00 seconds
Thread count was 1 (of 2 available processors)

Solution count 1: 25 
Pool objective bound 25

Optimal solution found (tolerance 1.00e-04)
Best objective 2.500000000000e+01, best bound 2.500000000000e+01, gap 0.0000%

Gurobi 7.0.2 (win64, Java) logging started 01/25/18 19:17:41

Warning: Gurobi version mismatch between Java 7.0.1 and C library 7.0.2
Warning: Gurobi version mismatch between Java 7.0.1 and Jni 7.0.2
Optimize a model with 35 rows, 3 columns and 44 nonzeros
Variable types: 0 continuous, 3 integer (3 binary)
Coefficient statistics:
  Matrix range     [1e+00, 1e+00]
  Objective range  [2e+00, 1e+01]
  Bounds range     [1e+00, 1e+00]
  RHS range        [1e+00, 1e+00]
Found heuristic solution: objective 2
Presolve removed 35 rows and 3 columns
Presolve time: 0.00s
Presolve: All rows and columns removed

Explored 0 nodes (0 simplex iterations) in 0.00 seconds
Thread count was 1 (of 2 available processors)

Solution count 1: 25 
Pool objective bound 25

Optimal solution found (tolerance 1.00e-04)
Best objective 2.500000000000e+01, best bound 2.500000000000e+01, gap 0.0000%

Gurobi 7.0.2 (win64, Java) logging started 01/25/18 19:40:34

Warning: Gurobi version mismatch between Java 7.0.1 and C library 7.0.2
Warning: Gurobi version mismatch between Java 7.0.1 and Jni 7.0.2
Optimize a model with 27 rows, 3 columns and 33 nonzeros
Variable types: 0 continuous, 3 integer (3 binary)
Coefficient statistics:
  Matrix range     [1e+00, 1e+00]
  Objective range  [2e+00, 9e+00]
  Bounds range     [1e+00, 1e+00]
  RHS range        [1e+00, 1e+00]
Found heuristic solution: objective 2
Presolve removed 27 rows and 3 columns
Presolve time: 0.00s
Presolve: All rows and columns removed

Explored 0 nodes (0 simplex iterations) in 0.01 seconds
Thread count was 1 (of 2 available processors)

Solution count 1: 20 
Pool objective bound 20

Optimal solution found (tolerance 1.00e-04)
Best objective 2.000000000000e+01, best bound 2.000000000000e+01, gap 0.0000%

Gurobi 7.0.2 (win64, Java) logging started 01/25/18 19:43:11

Warning: Gurobi version mismatch between Java 7.0.1 and C library 7.0.2
Warning: Gurobi version mismatch between Java 7.0.1 and Jni 7.0.2
Optimize a model with 35 rows, 3 columns and 44 nonzeros
Variable types: 0 continuous, 3 integer (3 binary)
Coefficient statistics:
  Matrix range     [1e+00, 1e+00]
  Objective range  [2e+00, 1e+01]
  Bounds range     [1e+00, 1e+00]
  RHS range        [1e+00, 1e+00]
Found heuristic solution: objective 2
Presolve removed 35 rows and 3 columns
Presolve time: 0.00s
Presolve: All rows and columns removed

Explored 0 nodes (0 simplex iterations) in 0.00 seconds
Thread count was 1 (of 2 available processors)

Solution count 1: 25 
Pool objective bound 25

Optimal solution found (tolerance 1.00e-04)
Best objective 2.500000000000e+01, best bound 2.500000000000e+01, gap 0.0000%

Gurobi 7.0.2 (win64, Java) logging started 01/25/18 19:43:26

Warning: Gurobi version mismatch between Java 7.0.1 and C library 7.0.2
Warning: Gurobi version mismatch between Java 7.0.1 and Jni 7.0.2
Optimize a model with 35 rows, 3 columns and 44 nonzeros
Variable types: 0 continuous, 3 integer (3 binary)
Coefficient statistics:
  Matrix range     [1e+00, 1e+00]
  Objective range  [2e+00, 1e+01]
  Bounds range     [1e+00, 1e+00]
  RHS range        [1e+00, 1e+00]
Found heuristic solution: objective 2
Presolve removed 35 rows and 3 columns
Presolve time: 0.00s
Presolve: All rows and columns removed

Explored 0 nodes (0 simplex iterations) in 0.01 seconds
Thread count was 1 (of 2 available processors)

Solution count 1: 25 
Pool objective bound 25

Optimal solution found (tolerance 1.00e-04)
Best objective 2.500000000000e+01, best bound 2.500000000000e+01, gap 0.0000%

Gurobi 7.0.2 (win64, Java) logging started 01/25/18 19:56:33

Warning: Gurobi version mismatch between Java 7.0.1 and C library 7.0.2
Warning: Gurobi version mismatch between Java 7.0.1 and Jni 7.0.2
Optimize a model with 35 rows, 3 columns and 44 nonzeros
Variable types: 0 continuous, 3 integer (3 binary)
Coefficient statistics:
  Matrix range     [1e+00, 1e+00]
  Objective range  [2e+00, 1e+01]
  Bounds range     [1e+00, 1e+00]
  RHS range        [1e+00, 1e+00]
Found heuristic solution: objective 2
Presolve removed 35 rows and 3 columns
Presolve time: 0.00s
Presolve: All rows and columns removed

Explored 0 nodes (0 simplex iterations) in 0.01 seconds
Thread count was 1 (of 2 available processors)

Solution count 1: 25 
Pool objective bound 25

Optimal solution found (tolerance 1.00e-04)
Best objective 2.500000000000e+01, best bound 2.500000000000e+01, gap 0.0000%

Gurobi 7.0.2 (win64, Java) logging started 01/25/18 20:01:13

Warning: Gurobi version mismatch between Java 7.0.1 and C library 7.0.2
Warning: Gurobi version mismatch between Java 7.0.1 and Jni 7.0.2
Optimize a model with 35 rows, 3 columns and 44 nonzeros
Variable types: 0 continuous, 3 integer (3 binary)
Coefficient statistics:
  Matrix range     [1e+00, 1e+00]
  Objective range  [2e+00, 1e+01]
  Bounds range     [1e+00, 1e+00]
  RHS range        [1e+00, 1e+00]
Found heuristic solution: objective 2
Presolve removed 35 rows and 3 columns
Presolve time: 0.00s
Presolve: All rows and columns removed

Explored 0 nodes (0 simplex iterations) in 0.01 seconds
Thread count was 1 (of 2 available processors)

Solution count 1: 25 
Pool objective bound 25

Optimal solution found (tolerance 1.00e-04)
Best objective 2.500000000000e+01, best bound 2.500000000000e+01, gap 0.0000%

Gurobi 7.0.2 (win64, Java) logging started 01/26/18 09:30:30

Warning: Gurobi version mismatch between Java 7.0.1 and C library 7.0.2
Warning: Gurobi version mismatch between Java 7.0.1 and Jni 7.0.2
Optimize a model with 27 rows, 3 columns and 33 nonzeros
Variable types: 0 continuous, 3 integer (3 binary)
Coefficient statistics:
  Matrix range     [1e+00, 1e+00]
  Objective range  [2e+00, 9e+00]
  Bounds range     [1e+00, 1e+00]
  RHS range        [1e+00, 1e+00]
Found heuristic solution: objective 2
Presolve removed 27 rows and 3 columns
Presolve time: 0.00s
Presolve: All rows and columns removed

Explored 0 nodes (0 simplex iterations) in 0.00 seconds
Thread count was 1 (of 2 available processors)

Solution count 1: 20 
Pool objective bound 20

Optimal solution found (tolerance 1.00e-04)
Best objective 2.000000000000e+01, best bound 2.000000000000e+01, gap 0.0000%

Gurobi 7.0.2 (win64, Java) logging started 01/26/18 09:36:21

Warning: Gurobi version mismatch between Java 7.0.1 and C library 7.0.2
Warning: Gurobi version mismatch between Java 7.0.1 and Jni 7.0.2
Optimize a model with 27 rows, 3 columns and 33 nonzeros
Variable types: 0 continuous, 3 integer (3 binary)
Coefficient statistics:
  Matrix range     [1e+00, 1e+00]
  Objective range  [2e+00, 9e+00]
  Bounds range     [1e+00, 1e+00]
  RHS range        [1e+00, 1e+00]
Found heuristic solution: objective 2
Presolve removed 27 rows and 3 columns
Presolve time: 0.00s
Presolve: All rows and columns removed

Explored 0 nodes (0 simplex iterations) in 0.01 seconds
Thread count was 1 (of 2 available processors)

Solution count 1: 20 
Pool objective bound 20

Optimal solution found (tolerance 1.00e-04)
Best objective 2.000000000000e+01, best bound 2.000000000000e+01, gap 0.0000%

Gurobi 7.0.2 (win64, Java) logging started 01/26/18 09:36:56

Warning: Gurobi version mismatch between Java 7.0.1 and C library 7.0.2
Warning: Gurobi version mismatch between Java 7.0.1 and Jni 7.0.2
Optimize a model with 27 rows, 3 columns and 33 nonzeros
Variable types: 0 continuous, 3 integer (3 binary)
Coefficient statistics:
  Matrix range     [1e+00, 1e+00]
  Objective range  [2e+00, 9e+00]
  Bounds range     [1e+00, 1e+00]
  RHS range        [1e+00, 1e+00]
Found heuristic solution: objective 2
Presolve removed 27 rows and 3 columns
Presolve time: 0.00s
Presolve: All rows and columns removed

Explored 0 nodes (0 simplex iterations) in 0.00 seconds
Thread count was 1 (of 2 available processors)

Solution count 1: 20 
Pool objective bound 20

Optimal solution found (tolerance 1.00e-04)
Best objective 2.000000000000e+01, best bound 2.000000000000e+01, gap 0.0000%

Gurobi 7.0.2 (win64, Java) logging started 01/26/18 12:55:26

Warning: Gurobi version mismatch between Java 7.0.1 and C library 7.0.2
Warning: Gurobi version mismatch between Java 7.0.1 and Jni 7.0.2
Optimize a model with 35 rows, 3 columns and 44 nonzeros
Variable types: 0 continuous, 3 integer (3 binary)
Coefficient statistics:
  Matrix range     [1e+00, 1e+00]
  Objective range  [2e+00, 1e+01]
  Bounds range     [1e+00, 1e+00]
  RHS range        [1e+00, 1e+00]
Found heuristic solution: objective 2
Presolve removed 35 rows and 3 columns
Presolve time: 0.00s
Presolve: All rows and columns removed

Explored 0 nodes (0 simplex iterations) in 0.00 seconds
Thread count was 1 (of 2 available processors)

Solution count 1: 25 
Pool objective bound 25

Optimal solution found (tolerance 1.00e-04)
Best objective 2.500000000000e+01, best bound 2.500000000000e+01, gap 0.0000%

Gurobi 7.0.2 (win64, Java) logging started 01/26/18 12:56:35

Warning: Gurobi version mismatch between Java 7.0.1 and C library 7.0.2
Warning: Gurobi version mismatch between Java 7.0.1 and Jni 7.0.2
Optimize a model with 35 rows, 3 columns and 44 nonzeros
Variable types: 0 continuous, 3 integer (3 binary)
Coefficient statistics:
  Matrix range     [1e+00, 1e+00]
  Objective range  [2e+00, 1e+01]
  Bounds range     [1e+00, 1e+00]
  RHS range        [1e+00, 1e+00]
Found heuristic solution: objective 2
Presolve removed 35 rows and 3 columns
Presolve time: 0.00s
Presolve: All rows and columns removed

Explored 0 nodes (0 simplex iterations) in 0.00 seconds
Thread count was 1 (of 2 available processors)

Solution count 1: 25 
Pool objective bound 25

Optimal solution found (tolerance 1.00e-04)
Best objective 2.500000000000e+01, best bound 2.500000000000e+01, gap 0.0000%

Gurobi 7.0.2 (win64, Java) logging started 01/26/18 12:58:26

Warning: Gurobi version mismatch between Java 7.0.1 and C library 7.0.2
Warning: Gurobi version mismatch between Java 7.0.1 and Jni 7.0.2
Optimize a model with 35 rows, 3 columns and 44 nonzeros
Variable types: 0 continuous, 3 integer (3 binary)
Coefficient statistics:
  Matrix range     [1e+00, 1e+00]
  Objective range  [2e+00, 1e+01]
  Bounds range     [1e+00, 1e+00]
  RHS range        [1e+00, 1e+00]
Found heuristic solution: objective 2
Presolve removed 35 rows and 3 columns
Presolve time: 0.00s
Presolve: All rows and columns removed

Explored 0 nodes (0 simplex iterations) in 0.00 seconds
Thread count was 1 (of 2 available processors)

Solution count 1: 25 
Pool objective bound 25

Optimal solution found (tolerance 1.00e-04)
Best objective 2.500000000000e+01, best bound 2.500000000000e+01, gap 0.0000%

Gurobi 7.0.2 (win64, Java) logging started 01/26/18 12:59:34

Warning: Gurobi version mismatch between Java 7.0.1 and C library 7.0.2
Warning: Gurobi version mismatch between Java 7.0.1 and Jni 7.0.2
Optimize a model with 35 rows, 3 columns and 44 nonzeros
Variable types: 0 continuous, 3 integer (3 binary)
Coefficient statistics:
  Matrix range     [1e+00, 1e+00]
  Objective range  [2e+00, 1e+01]
  Bounds range     [1e+00, 1e+00]
  RHS range        [1e+00, 1e+00]
Found heuristic solution: objective 2
Presolve removed 35 rows and 3 columns
Presolve time: 0.00s
Presolve: All rows and columns removed

Explored 0 nodes (0 simplex iterations) in 0.00 seconds
Thread count was 1 (of 2 available processors)

Solution count 1: 25 
Pool objective bound 25

Optimal solution found (tolerance 1.00e-04)
Best objective 2.500000000000e+01, best bound 2.500000000000e+01, gap 0.0000%

Gurobi 7.0.2 (win64, Java) logging started 01/26/18 13:00:07

Warning: Gurobi version mismatch between Java 7.0.1 and C library 7.0.2
Warning: Gurobi version mismatch between Java 7.0.1 and Jni 7.0.2
Optimize a model with 35 rows, 3 columns and 44 nonzeros
Variable types: 0 continuous, 3 integer (3 binary)
Coefficient statistics:
  Matrix range     [1e+00, 1e+00]
  Objective range  [2e+00, 1e+01]
  Bounds range     [1e+00, 1e+00]
  RHS range        [1e+00, 1e+00]
Found heuristic solution: objective 2
Presolve removed 35 rows and 3 columns
Presolve time: 0.00s
Presolve: All rows and columns removed

Explored 0 nodes (0 simplex iterations) in 0.00 seconds
Thread count was 1 (of 2 available processors)

Solution count 1: 25 
Pool objective bound 25

Optimal solution found (tolerance 1.00e-04)
Best objective 2.500000000000e+01, best bound 2.500000000000e+01, gap 0.0000%

Gurobi 7.0.2 (win64, Java) logging started 01/26/18 13:31:17

Warning: Gurobi version mismatch between Java 7.0.1 and C library 7.0.2
Warning: Gurobi version mismatch between Java 7.0.1 and Jni 7.0.2
Optimize a model with 35 rows, 3 columns and 44 nonzeros
Variable types: 0 continuous, 3 integer (3 binary)
Coefficient statistics:
  Matrix range     [1e+00, 1e+00]
  Objective range  [2e+00, 1e+01]
  Bounds range     [1e+00, 1e+00]
  RHS range        [1e+00, 1e+00]
Found heuristic solution: objective 2
Presolve removed 35 rows and 3 columns
Presolve time: 0.00s
Presolve: All rows and columns removed

Explored 0 nodes (0 simplex iterations) in 0.00 seconds
Thread count was 1 (of 2 available processors)

Solution count 1: 25 
Pool objective bound 25

Optimal solution found (tolerance 1.00e-04)
Best objective 2.500000000000e+01, best bound 2.500000000000e+01, gap 0.0000%

Gurobi 7.0.2 (win64, Java) logging started 01/26/18 14:04:42

Warning: Gurobi version mismatch between Java 7.0.1 and C library 7.0.2
Warning: Gurobi version mismatch between Java 7.0.1 and Jni 7.0.2
Optimize a model with 35 rows, 3 columns and 44 nonzeros
Variable types: 0 continuous, 3 integer (3 binary)
Coefficient statistics:
  Matrix range     [1e+00, 1e+00]
  Objective range  [2e+00, 1e+01]
  Bounds range     [1e+00, 1e+00]
  RHS range        [1e+00, 1e+00]
Found heuristic solution: objective 2
Presolve removed 35 rows and 3 columns
Presolve time: 0.00s
Presolve: All rows and columns removed

Explored 0 nodes (0 simplex iterations) in 0.00 seconds
Thread count was 1 (of 2 available processors)

Solution count 1: 25 
Pool objective bound 25

Optimal solution found (tolerance 1.00e-04)
Best objective 2.500000000000e+01, best bound 2.500000000000e+01, gap 0.0000%

Gurobi 7.0.2 (win64, Java) logging started 01/26/18 14:08:45

Warning: Gurobi version mismatch between Java 7.0.1 and C library 7.0.2
Warning: Gurobi version mismatch between Java 7.0.1 and Jni 7.0.2
Optimize a model with 35 rows, 3 columns and 44 nonzeros
Variable types: 0 continuous, 3 integer (3 binary)
Coefficient statistics:
  Matrix range     [1e+00, 1e+00]
  Objective range  [2e+00, 1e+01]
  Bounds range     [1e+00, 1e+00]
  RHS range        [1e+00, 1e+00]
Found heuristic solution: objective 2
Presolve removed 35 rows and 3 columns
Presolve time: 0.00s
Presolve: All rows and columns removed

Explored 0 nodes (0 simplex iterations) in 0.00 seconds
Thread count was 1 (of 2 available processors)

Solution count 1: 25 
Pool objective bound 25

Optimal solution found (tolerance 1.00e-04)
Best objective 2.500000000000e+01, best bound 2.500000000000e+01, gap 0.0000%

Gurobi 7.0.2 (win64, Java) logging started 01/26/18 14:10:33

Warning: Gurobi version mismatch between Java 7.0.1 and C library 7.0.2
Warning: Gurobi version mismatch between Java 7.0.1 and Jni 7.0.2
Optimize a model with 27 rows, 3 columns and 33 nonzeros
Variable types: 0 continuous, 3 integer (3 binary)
Coefficient statistics:
  Matrix range     [1e+00, 1e+00]
  Objective range  [2e+00, 9e+00]
  Bounds range     [1e+00, 1e+00]
  RHS range        [1e+00, 1e+00]
Found heuristic solution: objective 2
Presolve removed 27 rows and 3 columns
Presolve time: 0.00s
Presolve: All rows and columns removed

Explored 0 nodes (0 simplex iterations) in 0.00 seconds
Thread count was 1 (of 2 available processors)

Solution count 1: 20 
Pool objective bound 20

Optimal solution found (tolerance 1.00e-04)
Best objective 2.000000000000e+01, best bound 2.000000000000e+01, gap 0.0000%

Gurobi 7.0.2 (win64, Java) logging started 01/26/18 14:16:34

Warning: Gurobi version mismatch between Java 7.0.1 and C library 7.0.2
Warning: Gurobi version mismatch between Java 7.0.1 and Jni 7.0.2
Optimize a model with 27 rows, 3 columns and 33 nonzeros
Variable types: 0 continuous, 3 integer (3 binary)
Coefficient statistics:
  Matrix range     [1e+00, 1e+00]
  Objective range  [2e+00, 9e+00]
  Bounds range     [1e+00, 1e+00]
  RHS range        [1e+00, 1e+00]
Found heuristic solution: objective 2
Presolve removed 27 rows and 3 columns
Presolve time: 0.00s
Presolve: All rows and columns removed

Explored 0 nodes (0 simplex iterations) in 0.00 seconds
Thread count was 1 (of 2 available processors)

Solution count 1: 20 
Pool objective bound 20

Optimal solution found (tolerance 1.00e-04)
Best objective 2.000000000000e+01, best bound 2.000000000000e+01, gap 0.0000%

Gurobi 7.0.2 (win64, Java) logging started 01/26/18 14:20:12

Warning: Gurobi version mismatch between Java 7.0.1 and C library 7.0.2
Warning: Gurobi version mismatch between Java 7.0.1 and Jni 7.0.2
Optimize a model with 27 rows, 3 columns and 33 nonzeros
Variable types: 0 continuous, 3 integer (3 binary)
Coefficient statistics:
  Matrix range     [1e+00, 1e+00]
  Objective range  [2e+00, 9e+00]
  Bounds range     [1e+00, 1e+00]
  RHS range        [1e+00, 1e+00]
Found heuristic solution: objective 2
Presolve removed 27 rows and 3 columns
Presolve time: 0.00s
Presolve: All rows and columns removed

Explored 0 nodes (0 simplex iterations) in 0.00 seconds
Thread count was 1 (of 2 available processors)

Solution count 1: 20 
Pool objective bound 20

Optimal solution found (tolerance 1.00e-04)
Best objective 2.000000000000e+01, best bound 2.000000000000e+01, gap 0.0000%

Gurobi 7.0.2 (win64, Java) logging started 01/26/18 14:20:36

Warning: Gurobi version mismatch between Java 7.0.1 and C library 7.0.2
Warning: Gurobi version mismatch between Java 7.0.1 and Jni 7.0.2
Optimize a model with 27 rows, 3 columns and 33 nonzeros
Variable types: 0 continuous, 3 integer (3 binary)
Coefficient statistics:
  Matrix range     [1e+00, 1e+00]
  Objective range  [2e+00, 9e+00]
  Bounds range     [1e+00, 1e+00]
  RHS range        [1e+00, 1e+00]
Found heuristic solution: objective 2
Presolve removed 27 rows and 3 columns
Presolve time: 0.00s
Presolve: All rows and columns removed

Explored 0 nodes (0 simplex iterations) in 0.00 seconds
Thread count was 1 (of 2 available processors)

Solution count 1: 20 
Pool objective bound 20

Optimal solution found (tolerance 1.00e-04)
Best objective 2.000000000000e+01, best bound 2.000000000000e+01, gap 0.0000%

Gurobi 7.0.2 (win64, Java) logging started 01/26/18 14:21:24

Warning: Gurobi version mismatch between Java 7.0.1 and C library 7.0.2
Warning: Gurobi version mismatch between Java 7.0.1 and Jni 7.0.2
Optimize a model with 27 rows, 3 columns and 33 nonzeros
Variable types: 0 continuous, 3 integer (3 binary)
Coefficient statistics:
  Matrix range     [1e+00, 1e+00]
  Objective range  [2e+00, 9e+00]
  Bounds range     [1e+00, 1e+00]
  RHS range        [1e+00, 1e+00]
Found heuristic solution: objective 2
Presolve removed 27 rows and 3 columns
Presolve time: 0.00s
Presolve: All rows and columns removed

Explored 0 nodes (0 simplex iterations) in 0.00 seconds
Thread count was 1 (of 2 available processors)

Solution count 1: 20 
Pool objective bound 20

Optimal solution found (tolerance 1.00e-04)
Best objective 2.000000000000e+01, best bound 2.000000000000e+01, gap 0.0000%

Gurobi 7.0.2 (win64, Java) logging started 01/26/18 14:25:54

Warning: Gurobi version mismatch between Java 7.0.1 and C library 7.0.2
Warning: Gurobi version mismatch between Java 7.0.1 and Jni 7.0.2
Optimize a model with 35 rows, 3 columns and 44 nonzeros
Variable types: 0 continuous, 3 integer (3 binary)
Coefficient statistics:
  Matrix range     [1e+00, 1e+00]
  Objective range  [2e+00, 1e+01]
  Bounds range     [1e+00, 1e+00]
  RHS range        [1e+00, 1e+00]
Found heuristic solution: objective 2
Presolve removed 35 rows and 3 columns
Presolve time: 0.00s
Presolve: All rows and columns removed

Explored 0 nodes (0 simplex iterations) in 0.00 seconds
Thread count was 1 (of 2 available processors)

Solution count 1: 25 
Pool objective bound 25

Optimal solution found (tolerance 1.00e-04)
Best objective 2.500000000000e+01, best bound 2.500000000000e+01, gap 0.0000%

Gurobi 7.0.2 (win64, Java) logging started 01/26/18 14:26:21

Warning: Gurobi version mismatch between Java 7.0.1 and C library 7.0.2
Warning: Gurobi version mismatch between Java 7.0.1 and Jni 7.0.2
Optimize a model with 27 rows, 3 columns and 33 nonzeros
Variable types: 0 continuous, 3 integer (3 binary)
Coefficient statistics:
  Matrix range     [1e+00, 1e+00]
  Objective range  [2e+00, 9e+00]
  Bounds range     [1e+00, 1e+00]
  RHS range        [1e+00, 1e+00]
Found heuristic solution: objective 2
Presolve removed 27 rows and 3 columns
Presolve time: 0.00s
Presolve: All rows and columns removed

Explored 0 nodes (0 simplex iterations) in 0.00 seconds
Thread count was 1 (of 2 available processors)

Solution count 1: 20 
Pool objective bound 20

Optimal solution found (tolerance 1.00e-04)
Best objective 2.000000000000e+01, best bound 2.000000000000e+01, gap 0.0000%

Gurobi 7.0.2 (win64, Java) logging started 01/26/18 14:27:26

Warning: Gurobi version mismatch between Java 7.0.1 and C library 7.0.2
Warning: Gurobi version mismatch between Java 7.0.1 and Jni 7.0.2
Optimize a model with 27 rows, 3 columns and 33 nonzeros
Variable types: 0 continuous, 3 integer (3 binary)
Coefficient statistics:
  Matrix range     [1e+00, 1e+00]
  Objective range  [2e+00, 9e+00]
  Bounds range     [1e+00, 1e+00]
  RHS range        [1e+00, 1e+00]
Found heuristic solution: objective 2
Presolve removed 27 rows and 3 columns
Presolve time: 0.00s
Presolve: All rows and columns removed

Explored 0 nodes (0 simplex iterations) in 0.00 seconds
Thread count was 1 (of 2 available processors)

Solution count 1: 20 
Pool objective bound 20

Optimal solution found (tolerance 1.00e-04)
Best objective 2.000000000000e+01, best bound 2.000000000000e+01, gap 0.0000%

Gurobi 7.0.2 (win64, Java) logging started 01/26/18 14:36:00

Warning: Gurobi version mismatch between Java 7.0.1 and C library 7.0.2
Warning: Gurobi version mismatch between Java 7.0.1 and Jni 7.0.2
Optimize a model with 27 rows, 3 columns and 33 nonzeros
Variable types: 0 continuous, 3 integer (3 binary)
Coefficient statistics:
  Matrix range     [1e+00, 1e+00]
  Objective range  [2e+00, 9e+00]
  Bounds range     [1e+00, 1e+00]
  RHS range        [1e+00, 1e+00]
Found heuristic solution: objective 2
Presolve removed 27 rows and 3 columns
Presolve time: 0.00s
Presolve: All rows and columns removed

Explored 0 nodes (0 simplex iterations) in 0.00 seconds
Thread count was 1 (of 2 available processors)

Solution count 1: 20 
Pool objective bound 20

Optimal solution found (tolerance 1.00e-04)
Best objective 2.000000000000e+01, best bound 2.000000000000e+01, gap 0.0000%

Gurobi 7.0.2 (win64, Java) logging started 01/26/18 14:36:31

Warning: Gurobi version mismatch between Java 7.0.1 and C library 7.0.2
Warning: Gurobi version mismatch between Java 7.0.1 and Jni 7.0.2
Optimize a model with 27 rows, 3 columns and 33 nonzeros
Variable types: 0 continuous, 3 integer (3 binary)
Coefficient statistics:
  Matrix range     [1e+00, 1e+00]
  Objective range  [2e+00, 9e+00]
  Bounds range     [1e+00, 1e+00]
  RHS range        [1e+00, 1e+00]
Found heuristic solution: objective 2
Presolve removed 27 rows and 3 columns
Presolve time: 0.00s
Presolve: All rows and columns removed

Explored 0 nodes (0 simplex iterations) in 0.00 seconds
Thread count was 1 (of 2 available processors)

Solution count 1: 20 
Pool objective bound 20

Optimal solution found (tolerance 1.00e-04)
Best objective 2.000000000000e+01, best bound 2.000000000000e+01, gap 0.0000%

Gurobi 7.0.2 (win64, Java) logging started 01/26/18 14:37:00

Warning: Gurobi version mismatch between Java 7.0.1 and C library 7.0.2
Warning: Gurobi version mismatch between Java 7.0.1 and Jni 7.0.2
Optimize a model with 35 rows, 3 columns and 44 nonzeros
Variable types: 0 continuous, 3 integer (3 binary)
Coefficient statistics:
  Matrix range     [1e+00, 1e+00]
  Objective range  [2e+00, 1e+01]
  Bounds range     [1e+00, 1e+00]
  RHS range        [1e+00, 1e+00]
Found heuristic solution: objective 2
Presolve removed 35 rows and 3 columns
Presolve time: 0.00s
Presolve: All rows and columns removed

Explored 0 nodes (0 simplex iterations) in 0.00 seconds
Thread count was 1 (of 2 available processors)

Solution count 1: 25 
Pool objective bound 25

Optimal solution found (tolerance 1.00e-04)
Best objective 2.500000000000e+01, best bound 2.500000000000e+01, gap 0.0000%

Gurobi 7.0.2 (win64, Java) logging started 01/26/18 14:47:12

Warning: Gurobi version mismatch between Java 7.0.1 and C library 7.0.2
Warning: Gurobi version mismatch between Java 7.0.1 and Jni 7.0.2
Optimize a model with 35 rows, 3 columns and 44 nonzeros
Variable types: 0 continuous, 3 integer (3 binary)
Coefficient statistics:
  Matrix range     [1e+00, 1e+00]
  Objective range  [2e+00, 1e+01]
  Bounds range     [1e+00, 1e+00]
  RHS range        [1e+00, 1e+00]
Found heuristic solution: objective 2
Presolve removed 35 rows and 3 columns
Presolve time: 0.00s
Presolve: All rows and columns removed

Explored 0 nodes (0 simplex iterations) in 0.00 seconds
Thread count was 1 (of 2 available processors)

Solution count 1: 25 
Pool objective bound 25

Optimal solution found (tolerance 1.00e-04)
Best objective 2.500000000000e+01, best bound 2.500000000000e+01, gap 0.0000%

Gurobi 7.0.2 (win64, Java) logging started 01/26/18 14:54:16

Warning: Gurobi version mismatch between Java 7.0.1 and C library 7.0.2
Warning: Gurobi version mismatch between Java 7.0.1 and Jni 7.0.2
Optimize a model with 27 rows, 3 columns and 33 nonzeros
Variable types: 0 continuous, 3 integer (3 binary)
Coefficient statistics:
  Matrix range     [1e+00, 1e+00]
  Objective range  [2e+00, 9e+00]
  Bounds range     [1e+00, 1e+00]
  RHS range        [1e+00, 1e+00]
Found heuristic solution: objective 2
Presolve removed 27 rows and 3 columns
Presolve time: 0.00s
Presolve: All rows and columns removed

Explored 0 nodes (0 simplex iterations) in 0.00 seconds
Thread count was 1 (of 2 available processors)

Solution count 1: 20 
Pool objective bound 20

Optimal solution found (tolerance 1.00e-04)
Best objective 2.000000000000e+01, best bound 2.000000000000e+01, gap 0.0000%

Gurobi 7.0.2 (win64, Java) logging started 01/26/18 14:55:53

Warning: Gurobi version mismatch between Java 7.0.1 and C library 7.0.2
Warning: Gurobi version mismatch between Java 7.0.1 and Jni 7.0.2
Optimize a model with 35 rows, 3 columns and 44 nonzeros
Variable types: 0 continuous, 3 integer (3 binary)
Coefficient statistics:
  Matrix range     [1e+00, 1e+00]
  Objective range  [2e+00, 1e+01]
  Bounds range     [1e+00, 1e+00]
  RHS range        [1e+00, 1e+00]
Found heuristic solution: objective 2
Presolve removed 35 rows and 3 columns
Presolve time: 0.00s
Presolve: All rows and columns removed

Explored 0 nodes (0 simplex iterations) in 0.00 seconds
Thread count was 1 (of 2 available processors)

Solution count 1: 25 
Pool objective bound 25

Optimal solution found (tolerance 1.00e-04)
Best objective 2.500000000000e+01, best bound 2.500000000000e+01, gap 0.0000%

Gurobi 7.0.2 (win64, Java) logging started 01/26/18 14:56:26

Warning: Gurobi version mismatch between Java 7.0.1 and C library 7.0.2
Warning: Gurobi version mismatch between Java 7.0.1 and Jni 7.0.2
Optimize a model with 35 rows, 3 columns and 44 nonzeros
Variable types: 0 continuous, 3 integer (3 binary)
Coefficient statistics:
  Matrix range     [1e+00, 1e+00]
  Objective range  [2e+00, 1e+01]
  Bounds range     [1e+00, 1e+00]
  RHS range        [1e+00, 1e+00]
Found heuristic solution: objective 2
Presolve removed 35 rows and 3 columns
Presolve time: 0.00s
Presolve: All rows and columns removed

Explored 0 nodes (0 simplex iterations) in 0.00 seconds
Thread count was 1 (of 2 available processors)

Solution count 1: 25 
Pool objective bound 25

Optimal solution found (tolerance 1.00e-04)
Best objective 2.500000000000e+01, best bound 2.500000000000e+01, gap 0.0000%

Gurobi 7.0.2 (win64, Java) logging started 01/26/18 14:58:44

Warning: Gurobi version mismatch between Java 7.0.1 and C library 7.0.2
Warning: Gurobi version mismatch between Java 7.0.1 and Jni 7.0.2
Optimize a model with 27 rows, 3 columns and 33 nonzeros
Variable types: 0 continuous, 3 integer (3 binary)
Coefficient statistics:
  Matrix range     [1e+00, 1e+00]
  Objective range  [2e+00, 9e+00]
  Bounds range     [1e+00, 1e+00]
  RHS range        [1e+00, 1e+00]
Found heuristic solution: objective 2
Presolve removed 27 rows and 3 columns
Presolve time: 0.00s
Presolve: All rows and columns removed

Explored 0 nodes (0 simplex iterations) in 0.00 seconds
Thread count was 1 (of 2 available processors)

Solution count 1: 20 
Pool objective bound 20

Optimal solution found (tolerance 1.00e-04)
Best objective 2.000000000000e+01, best bound 2.000000000000e+01, gap 0.0000%

Gurobi 7.0.2 (win64, Java) logging started 01/26/18 15:00:03

Warning: Gurobi version mismatch between Java 7.0.1 and C library 7.0.2
Warning: Gurobi version mismatch between Java 7.0.1 and Jni 7.0.2
Optimize a model with 27 rows, 3 columns and 33 nonzeros
Variable types: 0 continuous, 3 integer (3 binary)
Coefficient statistics:
  Matrix range     [1e+00, 1e+00]
  Objective range  [2e+00, 9e+00]
  Bounds range     [1e+00, 1e+00]
  RHS range        [1e+00, 1e+00]
Found heuristic solution: objective 2
Presolve removed 27 rows and 3 columns
Presolve time: 0.00s
Presolve: All rows and columns removed

Explored 0 nodes (0 simplex iterations) in 0.00 seconds
Thread count was 1 (of 2 available processors)

Solution count 1: 20 
Pool objective bound 20

Optimal solution found (tolerance 1.00e-04)
Best objective 2.000000000000e+01, best bound 2.000000000000e+01, gap 0.0000%

Gurobi 7.0.2 (win64, Java) logging started 01/26/18 15:01:19

Warning: Gurobi version mismatch between Java 7.0.1 and C library 7.0.2
Warning: Gurobi version mismatch between Java 7.0.1 and Jni 7.0.2
Optimize a model with 27 rows, 3 columns and 33 nonzeros
Variable types: 0 continuous, 3 integer (3 binary)
Coefficient statistics:
  Matrix range     [1e+00, 1e+00]
  Objective range  [2e+00, 9e+00]
  Bounds range     [1e+00, 1e+00]
  RHS range        [1e+00, 1e+00]
Found heuristic solution: objective 2
Presolve removed 27 rows and 3 columns
Presolve time: 0.00s
Presolve: All rows and columns removed

Explored 0 nodes (0 simplex iterations) in 0.00 seconds
Thread count was 1 (of 2 available processors)

Solution count 1: 20 
Pool objective bound 20

Optimal solution found (tolerance 1.00e-04)
Best objective 2.000000000000e+01, best bound 2.000000000000e+01, gap 0.0000%
